This is pdfTeX, Version 3.141592653-2.6-1.40.23 (TeX Live 2022/dev) (preloaded format=pdflatex 2021.8.5)  11 AUG 2021 05:57
entering extended mode
 restricted \write18 enabled.
 %&-line parsing enabled.
**quantpaper4.1_arXiv
(./quantpaper4.1_arXiv.tex
LaTeX2e <2021-06-01> patch level 1
L3 programming layer <2021-07-12> (./apa6.cls
Document Class: apa6 2013/06/26 v2.13 APA formatting (6th edition)
(/usr/local/texlive/2021/texmf-dist/tex/latex/base/article.cls
Document Class: article 2021/02/12 v1.4n Standard LaTeX document class
(/usr/local/texlive/2021/texmf-dist/tex/latex/base/size10.clo
File: size10.clo 2021/02/12 v1.4n Standard LaTeX file (size option)
)
\c@part=\count182
\c@section=\count183
\c@subsection=\count184
\c@subsubsection=\count185
\c@paragraph=\count186
\c@subparagraph=\count187
\c@figure=\count188
\c@table=\count189
\abovecaptionskip=\skip47
\belowcaptionskip=\skip48
\bibindent=\dimen138
) (./apacite.sty
Package: apacite 2013/07/21 v6.03 APA citation
\c@BibCnt=\count190
\bibleftmargin=\skip49
\bibindent=\skip50
\bibparsep=\skip51
\bibitemsep=\skip52
\biblabelsep=\skip53
)
Class apa6 Info: The selected bibliography package, apacite, has been loaded on
 input line 213.
(/usr/local/texlive/2021/texmf-dist/tex/latex/lm/lmodern.sty
Package: lmodern 2015/05/01 v1.6.1 Latin Modern Fonts
LaTeX Font Info:    Overwriting symbol font `operators' in version `normal'
(Font)                  OT1/cmr/m/n --> OT1/lmr/m/n on input line 22.
LaTeX Font Info:    Overwriting symbol font `letters' in version `normal'
(Font)                  OML/cmm/m/it --> OML/lmm/m/it on input line 23.
LaTeX Font Info:    Overwriting symbol font `symbols' in version `normal'
(Font)                  OMS/cmsy/m/n --> OMS/lmsy/m/n on input line 24.
LaTeX Font Info:    Overwriting symbol font `largesymbols' in version `normal'
(Font)                  OMX/cmex/m/n --> OMX/lmex/m/n on input line 25.
LaTeX Font Info:    Overwriting symbol font `operators' in version `bold'
(Font)                  OT1/cmr/bx/n --> OT1/lmr/bx/n on input line 26.
LaTeX Font Info:    Overwriting symbol font `letters' in version `bold'
(Font)                  OML/cmm/b/it --> OML/lmm/b/it on input line 27.
LaTeX Font Info:    Overwriting symbol font `symbols' in version `bold'
(Font)                  OMS/cmsy/b/n --> OMS/lmsy/b/n on input line 28.
LaTeX Font Info:    Overwriting symbol font `largesymbols' in version `bold'
(Font)                  OMX/cmex/m/n --> OMX/lmex/m/n on input line 29.
LaTeX Font Info:    Overwriting math alphabet `\mathbf' in version `normal'
(Font)                  OT1/cmr/bx/n --> OT1/lmr/bx/n on input line 31.
LaTeX Font Info:    Overwriting math alphabet `\mathsf' in version `normal'
(Font)                  OT1/cmss/m/n --> OT1/lmss/m/n on input line 32.
LaTeX Font Info:    Overwriting math alphabet `\mathit' in version `normal'
(Font)                  OT1/cmr/m/it --> OT1/lmr/m/it on input line 33.
LaTeX Font Info:    Overwriting math alphabet `\mathtt' in version `normal'
(Font)                  OT1/cmtt/m/n --> OT1/lmtt/m/n on input line 34.
LaTeX Font Info:    Overwriting math alphabet `\mathbf' in version `bold'
(Font)                  OT1/cmr/bx/n --> OT1/lmr/bx/n on input line 35.
LaTeX Font Info:    Overwriting math alphabet `\mathsf' in version `bold'
(Font)                  OT1/cmss/bx/n --> OT1/lmss/bx/n on input line 36.
LaTeX Font Info:    Overwriting math alphabet `\mathit' in version `bold'
(Font)                  OT1/cmr/bx/it --> OT1/lmr/bx/it on input line 37.
LaTeX Font Info:    Overwriting math alphabet `\mathtt' in version `bold'
(Font)                  OT1/cmtt/m/n --> OT1/lmtt/m/n on input line 38.
)
(/usr/local/texlive/2021/texmf-dist/tex/latex/base/fontenc.sty
Package: fontenc 2021/04/29 v2.0v Standard LaTeX package
LaTeX Font Info:    Trying to load font information for T1+lmr on input line 11
2.

(/usr/local/texlive/2021/texmf-dist/tex/latex/lm/t1lmr.fd
File: t1lmr.fd 2015/05/01 v1.6.1 Font defs for Latin Modern
))
(/usr/local/texlive/2021/texmf-dist/tex/latex/txfonts/txfonts.sty
Package: txfonts 2008/01/22 v3.2.1
LaTeX Font Info:    Redeclaring symbol font `operators' on input line 21.
LaTeX Font Info:    Overwriting symbol font `operators' in version `normal'
(Font)                  OT1/lmr/m/n --> OT1/txr/m/n on input line 21.
LaTeX Font Info:    Overwriting symbol font `operators' in version `bold'
(Font)                  OT1/lmr/bx/n --> OT1/txr/m/n on input line 21.
LaTeX Font Info:    Overwriting symbol font `operators' in version `bold'
(Font)                  OT1/txr/m/n --> OT1/txr/bx/n on input line 22.
\symitalic=\mathgroup4
LaTeX Font Info:    Overwriting symbol font `italic' in version `bold'
(Font)                  OT1/txr/m/it --> OT1/txr/bx/it on input line 26.
LaTeX Font Info:    Redeclaring math alphabet \mathbf on input line 29.
LaTeX Font Info:    Overwriting math alphabet `\mathbf' in version `normal'
(Font)                  OT1/lmr/bx/n --> OT1/txr/bx/n on input line 29.
LaTeX Font Info:    Overwriting math alphabet `\mathbf' in version `bold'
(Font)                  OT1/lmr/bx/n --> OT1/txr/bx/n on input line 29.
LaTeX Font Info:    Redeclaring math alphabet \mathit on input line 30.
LaTeX Font Info:    Overwriting math alphabet `\mathit' in version `normal'
(Font)                  OT1/lmr/m/it --> OT1/txr/m/it on input line 30.
LaTeX Font Info:    Overwriting math alphabet `\mathit' in version `bold'
(Font)                  OT1/lmr/bx/it --> OT1/txr/m/it on input line 30.
LaTeX Font Info:    Overwriting math alphabet `\mathit' in version `bold'
(Font)                  OT1/txr/m/it --> OT1/txr/bx/it on input line 31.
LaTeX Font Info:    Redeclaring math alphabet \mathsf on input line 40.
LaTeX Font Info:    Overwriting math alphabet `\mathsf' in version `normal'
(Font)                  OT1/lmss/m/n --> OT1/txss/m/n on input line 40.
LaTeX Font Info:    Overwriting math alphabet `\mathsf' in version `bold'
(Font)                  OT1/lmss/bx/n --> OT1/txss/m/n on input line 40.
LaTeX Font Info:    Overwriting math alphabet `\mathsf' in version `bold'
(Font)                  OT1/txss/m/n --> OT1/txss/b/n on input line 41.
LaTeX Font Info:    Redeclaring math alphabet \mathtt on input line 50.
LaTeX Font Info:    Overwriting math alphabet `\mathtt' in version `normal'
(Font)                  OT1/lmtt/m/n --> OT1/txtt/m/n on input line 50.
LaTeX Font Info:    Overwriting math alphabet `\mathtt' in version `bold'
(Font)                  OT1/lmtt/m/n --> OT1/txtt/m/n on input line 50.
LaTeX Font Info:    Overwriting math alphabet `\mathtt' in version `bold'
(Font)                  OT1/txtt/m/n --> OT1/txtt/b/n on input line 51.
LaTeX Font Info:    Redeclaring symbol font `letters' on input line 58.
LaTeX Font Info:    Overwriting symbol font `letters' in version `normal'
(Font)                  OML/lmm/m/it --> OML/txmi/m/it on input line 58.
LaTeX Font Info:    Overwriting symbol font `letters' in version `bold'
(Font)                  OML/lmm/b/it --> OML/txmi/m/it on input line 58.
LaTeX Font Info:    Overwriting symbol font `letters' in version `bold'
(Font)                  OML/txmi/m/it --> OML/txmi/bx/it on input line 59.
\symlettersA=\mathgroup5
LaTeX Font Info:    Overwriting symbol font `lettersA' in version `bold'
(Font)                  U/txmia/m/it --> U/txmia/bx/it on input line 67.
LaTeX Font Info:    Redeclaring symbol font `symbols' on input line 77.
LaTeX Font Info:    Overwriting symbol font `symbols' in version `normal'
(Font)                  OMS/lmsy/m/n --> OMS/txsy/m/n on input line 77.
LaTeX Font Info:    Overwriting symbol font `symbols' in version `bold'
(Font)                  OMS/lmsy/b/n --> OMS/txsy/m/n on input line 77.
LaTeX Font Info:    Overwriting symbol font `symbols' in version `bold'
(Font)                  OMS/txsy/m/n --> OMS/txsy/bx/n on input line 78.
\symAMSa=\mathgroup6
LaTeX Font Info:    Overwriting symbol font `AMSa' in version `bold'
(Font)                  U/txsya/m/n --> U/txsya/bx/n on input line 94.
\symAMSb=\mathgroup7
LaTeX Font Info:    Overwriting symbol font `AMSb' in version `bold'
(Font)                  U/txsyb/m/n --> U/txsyb/bx/n on input line 103.
\symsymbolsC=\mathgroup8
LaTeX Font Info:    Overwriting symbol font `symbolsC' in version `bold'
(Font)                  U/txsyc/m/n --> U/txsyc/bx/n on input line 113.
LaTeX Font Info:    Redeclaring symbol font `largesymbols' on input line 120.
LaTeX Font Info:    Overwriting symbol font `largesymbols' in version `normal'
(Font)                  OMX/lmex/m/n --> OMX/txex/m/n on input line 120.
LaTeX Font Info:    Overwriting symbol font `largesymbols' in version `bold'
(Font)                  OMX/lmex/m/n --> OMX/txex/m/n on input line 120.
LaTeX Font Info:    Overwriting symbol font `largesymbols' in version `bold'
(Font)                  OMX/txex/m/n --> OMX/txex/bx/n on input line 121.
\symlargesymbolsA=\mathgroup9
LaTeX Font Info:    Overwriting symbol font `largesymbolsA' in version `bold'
(Font)                  U/txexa/m/n --> U/txexa/bx/n on input line 129.
LaTeX Font Info:    Redeclaring math symbol \mathsterling on input line 164.
LaTeX Font Info:    Redeclaring math symbol \hbar on input line 591.
LaTeX Info: Redefining \not on input line 1043.
)
apa6.cls: Using txfonts
(/usr/local/texlive/2021/texmf-dist/tex/latex/geometry/geometry.sty
Package: geometry 2020/01/02 v5.9 Page Geometry

(/usr/local/texlive/2021/texmf-dist/tex/latex/graphics/keyval.sty
Package: keyval 2014/10/28 v1.15 key=value parser (DPC)
\KV@toks@=\toks16
)
(/usr/local/texlive/2021/texmf-dist/tex/generic/iftex/ifvtex.sty
Package: ifvtex 2019/10/25 v1.7 ifvtex legacy package. Use iftex instead.

(/usr/local/texlive/2021/texmf-dist/tex/generic/iftex/iftex.sty
Package: iftex 2020/03/06 v1.0d TeX engine tests
))
\Gm@cnth=\count191
\Gm@cntv=\count192
\c@Gm@tempcnt=\count193
\Gm@bindingoffset=\dimen139
\Gm@wd@mp=\dimen140
\Gm@odd@mp=\dimen141
\Gm@even@mp=\dimen142
\Gm@layoutwidth=\dimen143
\Gm@layoutheight=\dimen144
\Gm@layouthoffset=\dimen145
\Gm@layoutvoffset=\dimen146
\Gm@dimlist=\toks17
)
(/usr/local/texlive/2021/texmf-dist/tex/latex/graphics/graphicx.sty
Package: graphicx 2020/12/05 v1.2c Enhanced LaTeX Graphics (DPC,SPQR)

(/usr/local/texlive/2021/texmf-dist/tex/latex/graphics/graphics.sty
Package: graphics 2021/03/04 v1.4d Standard LaTeX Graphics (DPC,SPQR)

(/usr/local/texlive/2021/texmf-dist/tex/latex/graphics/trig.sty
Package: trig 2016/01/03 v1.10 sin cos tan (DPC)
)
(/usr/local/texlive/2021/texmf-dist/tex/latex/graphics-cfg/graphics.cfg
File: graphics.cfg 2016/06/04 v1.11 sample graphics configuration
)
Package graphics Info: Driver file: pdftex.def on input line 107.

(/usr/local/texlive/2021/texmf-dist/tex/latex/graphics-def/pdftex.def
File: pdftex.def 2020/10/05 v1.2a Graphics/color driver for pdftex
))
\Gin@req@height=\dimen147
\Gin@req@width=\dimen148
)
(/usr/local/texlive/2021/texmf-dist/tex/latex/booktabs/booktabs.sty
Package: booktabs 2020/01/12 v1.61803398 Publication quality tables
\heavyrulewidth=\dimen149
\lightrulewidth=\dimen150
\cmidrulewidth=\dimen151
\belowrulesep=\dimen152
\belowbottomsep=\dimen153
\aboverulesep=\dimen154
\abovetopsep=\dimen155
\cmidrulesep=\dimen156
\cmidrulekern=\dimen157
\defaultaddspace=\dimen158
\@cmidla=\count194
\@cmidlb=\count195
\@aboverulesep=\dimen159
\@belowrulesep=\dimen160
\@thisruleclass=\count196
\@lastruleclass=\count197
\@thisrulewidth=\dimen161
)
(/usr/local/texlive/2021/texmf-dist/tex/latex/threeparttable/threeparttable.sty
Package: threeparttable 2003/06/13  v 3.0
\@tempboxb=\box50
)
\b@level@one@skip=\skip54
\e@level@one@skip=\skip55
\b@level@two@skip=\skip56
\e@level@two@skip=\skip57
\b@level@three@skip=\skip58
\e@level@three@skip=\skip59
\b@level@four@skip=\skip60
\e@level@four@skip=\skip61
\b@level@five@skip=\skip62
\e@level@five@skip=\skip63
 (/usr/local/texlive/2021/texmf-dist/tex/latex/caption/caption.sty
Package: caption 2020/10/26 v3.5g Customizing captions (AR)

(/usr/local/texlive/2021/texmf-dist/tex/latex/caption/caption3.sty
Package: caption3 2020/10/21 v2.2e caption3 kernel (AR)
\captionmargin=\dimen162
\captionmargin@=\dimen163
\captionwidth=\dimen164
\caption@tempdima=\dimen165
\caption@indent=\dimen166
\caption@parindent=\dimen167
\caption@hangindent=\dimen168
Package caption Info: Standard document class detected.
)
\c@caption@flags=\count198
\c@continuedfloat=\count199
Package caption Info: threeparttable package is loaded.
)
\c@APAenum=\count266
\@text@par@indent=\skip64
\gr@box=\box51
\gr@boxwidth=\skip65
\gr@boxheight=\skip66

(/usr/local/texlive/2021/texmf-dist/tex/latex/tools/bm.sty
Package: bm 2021/04/25 v1.2e Bold Symbol Support (DPC/FMi)
\symboldoperators=\mathgroup10
\symboldletters=\mathgroup11
\symboldsymbols=\mathgroup12
\symboldlargesymbols=\mathgroup13
LaTeX Font Info:    Redeclaring math alphabet \mathbf on input line 149.
)
\c@appendix=\count267

(/usr/local/texlive/2021/texmf-dist/tex/latex/sttools/flushend.sty
Package: flushend 2020/10/16 v3.5 Balancing columns in twocolumn mode
\flushend@@lastskip@a=\skip67
\flushend@@lastskip@b=\skip68
\flushend@@lastskip@c=\skip69
\flushend@@penalty@a=\count268
\var@@loop@iter=\count269
\flushend@@lastkern@a=\dimen169
\var@@temp@spread=\dimen170
\var@@temp@a=\dimen171
\var@@temp@loop=\dimen172
\flushend@@page@rule=\dimen173
\flushend@@varbox@a=\box52
\flushend@@varbox@c=\box53
\flushend@@tempbox@a=\box54
\flushend@@tempbox@c=\box55
\@viper=\box56
\hold@viper=\box57
\atColsBreak=\toks18
\atColsEnd=\toks19

(/usr/local/texlive/2021/texmf-dist/tex/latex/etoolbox/etoolbox.sty
Package: etoolbox 2020/10/05 v2.5k e-TeX tools for LaTeX (JAW)
\etb@tempcnta=\count270
))
(/usr/local/texlive/2021/texmf-dist/tex/latex/tools/ftnright.sty
Package: ftnright 2014/10/28 v1.1f footnote layout package (FMi)
\rcol@footinsskip=\skip70
\ftn@amount=\dimen174
)
\auone@box=\box58
\autwo@box=\box59
\autot@box=\box60
\auone@boxwidth=\skip71
\autwo@boxwidth=\skip72
\autot@boxwidth=\skip73
)
(/usr/local/texlive/2021/texmf-dist/tex/latex/base/ifthen.sty
Package: ifthen 2020/11/24 v1.1c Standard LaTeX ifthen package (DPC)
)
(/usr/local/texlive/2021/texmf-dist/tex/latex/tools/xr.sty
Package: xr 2020-05-10 v5.06 eXternal References (DPC)
)
(/usr/local/texlive/2021/texmf-dist/tex/latex/csquotes/csquotes.sty
Package: csquotes 2021-02-22 v5.2l context-sensitive quotations (JAW)
\csq@reset=\count271
\csq@gtype=\count272
\csq@glevel=\count273
\csq@qlevel=\count274
\csq@maxlvl=\count275
\csq@tshold=\count276
\csq@ltx@everypar=\toks20

(/usr/local/texlive/2021/texmf-dist/tex/latex/csquotes/csquotes.def
File: csquotes.def 2021-02-22 v5.2l csquotes generic definitions (JAW)
)
Package csquotes Info: Trying to load configuration file 'csquotes.cfg'...
Package csquotes Info: ... configuration file loaded successfully.

(/usr/local/texlive/2021/texmf-dist/tex/latex/csquotes/csquotes.cfg
File: csquotes.cfg 
))
(/usr/local/texlive/2021/texmf-dist/tex/latex/graphics/color.sty
Package: color 2020/02/24 v1.2b Standard LaTeX Color (DPC)

(/usr/local/texlive/2021/texmf-dist/tex/latex/graphics-cfg/color.cfg
File: color.cfg 2016/01/02 v1.6 sample color configuration
)
Package color Info: Driver file: pdftex.def on input line 149.
)

Package xr Warning: 
No file supplementary.aux
LABELS NOT IMPORTED.
 on input line 81.

Package csquotes Info: Checking for multilingual support...
Package csquotes Info: ... none found.
LaTeX Font Info:    Trying to load font information for T1+txr on input line 82
.
(/usr/local/texlive/2021/texmf-dist/tex/latex/txfonts/t1txr.fd
File: t1txr.fd 2000/12/15 v3.1
)
(/usr/local/texlive/2021/texmf-dist/tex/latex/l3backend/l3backend-pdftex.def
File: l3backend-pdftex.def 2021-08-04 L3 backend support: PDF output (pdfTeX)
\l__color_backend_stack_int=\count277
\l__pdf_internal_box=\box61
)
No file quantpaper4.1_arXiv.aux.
\openout1 = `quantpaper4.1_arXiv.aux'.

LaTeX Font Info:    Checking defaults for OML/txmi/m/it on input line 82.
LaTeX Font Info:    Trying to load font information for OML+txmi on input line 
82.
(/usr/local/texlive/2021/texmf-dist/tex/latex/txfonts/omltxmi.fd
File: omltxmi.fd 2000/12/15 v3.1
)
LaTeX Font Info:    ... okay on input line 82.
LaTeX Font Info:    Checking defaults for OMS/txsy/m/n on input line 82.
LaTeX Font Info:    Trying to load font information for OMS+txsy on input line 
82.

(/usr/local/texlive/2021/texmf-dist/tex/latex/txfonts/omstxsy.fd
File: omstxsy.fd 2000/12/15 v3.1
)
LaTeX Font Info:    ... okay on input line 82.
LaTeX Font Info:    Checking defaults for OT1/cmr/m/n on input line 82.
LaTeX Font Info:    ... okay on input line 82.
LaTeX Font Info:    Checking defaults for T1/cmr/m/n on input line 82.
LaTeX Font Info:    ... okay on input line 82.
LaTeX Font Info:    Checking defaults for TS1/cmr/m/n on input line 82.
LaTeX Font Info:    ... okay on input line 82.
LaTeX Font Info:    Checking defaults for OMX/txex/m/n on input line 82.
LaTeX Font Info:    Trying to load font information for OMX+txex on input line 
82.

(/usr/local/texlive/2021/texmf-dist/tex/latex/txfonts/omxtxex.fd
File: omxtxex.fd 2000/12/15 v3.1
)
LaTeX Font Info:    ... okay on input line 82.
LaTeX Font Info:    Checking defaults for U/txexa/m/n on input line 82.
LaTeX Font Info:    Trying to load font information for U+txexa on input line 8
2.

(/usr/local/texlive/2021/texmf-dist/tex/latex/txfonts/utxexa.fd
File: utxexa.fd 2000/12/15 v3.1
)
LaTeX Font Info:    ... okay on input line 82.
\c@maskedRefs=\count278

(/usr/local/texlive/2021/texmf-dist/tex/latex/apacite/english.apc
File: english.apc 2013/07/21 v6.03 apacite language file
LaTeX Info: Redefining \BPBI on input line 129.
LaTeX Info: Redefining \BHBI on input line 130.
)
(/usr/local/texlive/2021/texmf-dist/tex/latex/apa6/config/APAamerican.txt
File: APAamerican.txt 2012/02/23 v1.25 apa6 configuration for American English
)
*geometry* driver: auto-detecting
*geometry* detected driver: pdftex
*geometry* verbose mode - [ preamble ] result:
* driver: pdftex
* paper: <default>
* layout: <same size as paper>
* layoutoffset:(h,v)=(0.0pt,0.0pt)
* modes: twoside 
* h-part:(L,W,R)=(72.26999pt, 469.75502pt, 72.26999pt)
* v-part:(T,H,B)=(72.26999pt, 650.43001pt, 72.26999pt)
* \paperwidth=614.295pt
* \paperheight=794.96999pt
* \textwidth=501.55397pt
* \textheight=643.20255pt
* \oddsidemargin=-18.06749pt
* \evensidemargin=-18.06749pt
* \topmargin=-19.8738pt
* \headheight=13.4457pt
* \headsep=13.72546pt
* \topskip=10.0pt
* \footskip=30.0pt
* \marginparwidth=121.0pt
* \marginparsep=11.0pt
* \columnsep=18.06749pt
* \skip\footins=10.0pt plus 5.0pt minus 3.0pt
* \hoffset=0.0pt
* \voffset=0.0pt
* \mag=1000
* \@twocolumnfalse
* \@twosidetrue
* \@mparswitchtrue
* \@reversemarginfalse
* (1in=72.27pt=25.4mm, 1cm=28.453pt)

(/usr/local/texlive/2021/texmf-dist/tex/context/base/mkii/supp-pdf.mkii
[Loading MPS to PDF converter (version 2006.09.02).]
\scratchcounter=\count279
\scratchdimen=\dimen175
\scratchbox=\box62
\nofMPsegments=\count280
\nofMParguments=\count281
\everyMPshowfont=\toks21
\MPscratchCnt=\count282
\MPscratchDim=\dimen176
\MPnumerator=\count283
\makeMPintoPDFobject=\count284
\everyMPtoPDFconversion=\toks22
) (/usr/local/texlive/2021/texmf-dist/tex/latex/epstopdf-pkg/epstopdf-base.sty
Package: epstopdf-base 2020-01-24 v2.11 Base part for package epstopdf
Package epstopdf-base Info: Redefining graphics rule for `.eps' on input line 4
85.

(/usr/local/texlive/2021/texmf-dist/tex/latex/latexconfig/epstopdf-sys.cfg
File: epstopdf-sys.cfg 2010/07/13 v1.3 Configuration of (r)epstopdf for TeX Liv
e
))
Package caption Info: Begin \AtBeginDocument code.
Package caption Info: End \AtBeginDocument code.


Class apa6 Warning: Abstract not defined.

Class apa6 Info: Keywords not defined on input line 88.
LaTeX Font Info:    Trying to load font information for OT1+txr on input line 8
8.
(/usr/local/texlive/2021/texmf-dist/tex/latex/txfonts/ot1txr.fd
File: ot1txr.fd 2000/12/15 v3.1
)
LaTeX Font Info:    Trying to load font information for U+txmia on input line 8
8.

(/usr/local/texlive/2021/texmf-dist/tex/latex/txfonts/utxmia.fd
File: utxmia.fd 2000/12/15 v3.1
)
LaTeX Font Info:    Trying to load font information for U+txsya on input line 8
8.

(/usr/local/texlive/2021/texmf-dist/tex/latex/txfonts/utxsya.fd
File: utxsya.fd 2000/12/15 v3.1
)
LaTeX Font Info:    Trying to load font information for U+txsyb on input line 8
8.

(/usr/local/texlive/2021/texmf-dist/tex/latex/txfonts/utxsyb.fd
File: utxsyb.fd 2000/12/15 v3.1
)
LaTeX Font Info:    Trying to load font information for U+txsyc on input line 8
8.

(/usr/local/texlive/2021/texmf-dist/tex/latex/txfonts/utxsyc.fd
File: utxsyc.fd 2000/12/15 v3.1
)
LaTeX Font Info:    Font shape `T1/txr/b/n' in size <9> not available
(Font)              Font shape `T1/txr/bx/n' tried instead on input line 88.
LaTeX Font Info:    Font shape `T1/txr/b/n' in size <10> not available
(Font)              Font shape `T1/txr/bx/n' tried instead on input line 100.
LaTeX Font Info:    Trying to load font information for TS1+txr on input line 1
13.

(/usr/local/texlive/2021/texmf-dist/tex/latex/txfonts/ts1txr.fd
File: ts1txr.fd 2000/12/15 v3.1
)

LaTeX Warning: Citation `mnih_2015' undefined on input line 132.


LaTeX Warning: Citation `silver_2016' undefined on input line 132.


LaTeX Warning: Citation `amodei16' undefined on input line 132.


LaTeX Warning: Citation `ferrucci_2012' undefined on input line 132.


LaTeX Warning: Citation `he_2015' undefined on input line 132.


LaTeX Warning: Citation `lu_2014' undefined on input line 132.


LaTeX Warning: Citation `kelley_1967' undefined on input line 146.


LaTeX Warning: Citation `anderson_1975' undefined on input line 146.


LaTeX Warning: Citation `berwick_85' undefined on input line 146.


LaTeX Warning: Citation `rumelhart_87' undefined on input line 146.


LaTeX Warning: Citation `langley_87' undefined on input line 146.


LaTeX Warning: Citation `brent_96' undefined on input line 146.

[1{/usr/local/texlive/2021/texmf-var/fonts/map/pdftex/updmap/pdftex.map}


]

LaTeX Warning: Reference `section:puzzles' on page 2 undefined on input line 16
0.


LaTeX Warning: Reference `section:past' on page 2 undefined on input line 160.


LaTeX Warning: Reference `section:requirements' on page 2 undefined on input li
ne 160.


LaTeX Warning: Reference `section:deep' on page 2 undefined on input line 160.


LaTeX Warning: Reference `section:feasibility' on page 2 undefined on input lin
e 160.


LaTeX Warning: Reference `section:conclusion' on page 2 undefined on input line
 162.


LaTeX Warning: Citation `jackendoff_97' undefined on input line 175.


LaTeX Warning: Citation `hauser_2002' undefined on input line 175.


LaTeX Warning: Citation `chomsky_65' undefined on input line 175.


LaTeX Warning: Citation `steedman_14' undefined on input line 175.


LaTeX Warning: Citation `song_11' undefined on input line 177.


LaTeX Warning: Citation `cutler_12' undefined on input line 186.


LaTeX Warning: Citation `pinker_87' undefined on input line 186.


LaTeX Warning: Citation `morgan_96' undefined on input line 186.


LaTeX Warning: Citation `pinker_language_1994' undefined on input line 189.


LaTeX Warning: Citation `jusczyk_1997' undefined on input line 189.


LaTeX Warning: Citation `hollich_2000' undefined on input line 189.


LaTeX Warning: Citation `werker_2005' undefined on input line 189.


LaTeX Warning: Citation `brown_73' undefined on input line 189.


LaTeX Warning: Citation `pinker_89' undefined on input line 189.


LaTeX Warning: Citation `marcus_93' undefined on input line 189.


LaTeX Warning: Citation `chouinard_03' undefined on input line 189.


LaTeX Warning: Citation `saxton_97' undefined on input line 189.


LaTeX Warning: Citation `clark_lappin_11' undefined on input line 189.

[2]

LaTeX Warning: Reference `section:eval' on page 3 undefined on input line 191.

<timeline2.png, id=15, 701.5008pt x 526.6074pt>
File: timeline2.png Graphic file (type png)
<use timeline2.png>
Package pdftex.def Info: timeline2.png  used on input line 196.
(pdftex.def)             Requested size: 303.22366pt x 227.62204pt.

LaTeX Warning: Citation `tincoff_1999' undefined on input line 204.


LaTeX Warning: Citation `bergelson_12' undefined on input line 204.


LaTeX Warning: Citation `mandel1995' undefined on input line 204.


LaTeX Warning: Citation `jusczyk_1995' undefined on input line 204.


LaTeX Warning: Citation `mehler_1988' undefined on input line 205.


LaTeX Warning: Citation `jusczyk_1999' undefined on input line 205.


LaTeX Warning: Citation `hirsh_1987' undefined on input line 205.


LaTeX Warning: Citation `jusczyk_1992' undefined on input line 205.


LaTeX Warning: Citation `kuhl_1992' undefined on input line 205.


LaTeX Warning: Citation `eilers_1979' undefined on input line 206.


LaTeX Warning: Citation `jusczyk_93' undefined on input line 206.


LaTeX Warning: Citation `werker_84' undefined on input line 206.


LaTeX Warning: Citation `mazuka_2011' undefined on input line 206.


LaTeX Warning: Citation `stark_1980' undefined on input line 206.


LaTeX Warning: Reference `fig:tableau' on page 3 undefined on input line 217.


LaTeX Warning: Citation `sundara_2006' undefined on input line 217.


LaTeX Warning: Citation `jusczyk_93' undefined on input line 217.


LaTeX Warning: Citation `werker_84' undefined on input line 217.


LaTeX Warning: Citation `bergelson_12' undefined on input line 217.


LaTeX Warning: Citation `shneidman_12' undefined on input line 219.


LaTeX Warning: Citation `hart_95' undefined on input line 219.


LaTeX Warning: Citation `weisleder_13' undefined on input line 219.


LaTeX Warning: Citation `cristia:2017' undefined on input line 219.


LaTeX Warning: Citation `hoff_03' undefined on input line 219.


LaTeX Warning: Citation `huttenlocher_10' undefined on input line 219.


LaTeX Warning: Citation `pan_05' undefined on input line 219.


LaTeX Warning: Citation `rowe_09' undefined on input line 219.


LaTeX Warning: Reference `section:puzzles' on page 3 undefined on input line 23
3.


LaTeX Warning: Reference `tab:conceptualf' on page 3 undefined on input line 25
0.


LaTeX Warning: Citation `gleitman_1990' undefined on input line 252.


LaTeX Warning: Citation `grimshaw_81' undefined on input line 252.


LaTeX Warning: Citation `pinker_1984' undefined on input line 252.


LaTeX Warning: Citation `christophe_08' undefined on input line 252.


LaTeX Warning: Citation `crain_91' undefined on input line 254.


LaTeX Warning: Citation `lidz_2015' undefined on input line 254.


LaTeX Warning: Citation `bates_1987' undefined on input line 258.


LaTeX Warning: Citation `macwhinney_87' undefined on input line 258.


LaTeX Warning: Citation `tomasello_03' undefined on input line 258.


LaTeX Warning: No positions in optional float specifier.
               Default added (so using `tbp') on input line 265.

[3]

LaTeX Warning: Citation `maye_2002' undefined on input line 292.


LaTeX Warning: Citation `vallabha_2007' undefined on input line 292.


LaTeX Warning: Citation `mcmurray_2009' undefined on input line 292.


LaTeX Warning: Citation `saffran_1996' undefined on input line 292.


LaTeX Warning: Citation `daland_2011' undefined on input line 292.


LaTeX Warning: Citation `yu_2007' undefined on input line 292.


LaTeX Warning: Citation `smith_2011' undefined on input line 292.


LaTeX Warning: Citation `siskind_1996' undefined on input line 292.


LaTeX Warning: Citation `connor_2013' undefined on input line 292.


LaTeX Warning: Reference `section:theorybenefit' on page 4 undefined on input l
ine 296.


LaTeX Warning: Citation `tesar_1998' undefined on input line 300.


LaTeX Warning: Citation `magri_2015' undefined on input line 300.


LaTeX Warning: Citation `dresher_1990' undefined on input line 300.


LaTeX Warning: Citation `tesar_2000' undefined on input line 300.


LaTeX Warning: Citation `clark_lappin_11' undefined on input line 300.

[4 <./timeline2.png>]

LaTeX Warning: Citation `de_marcken_1996' undefined on input line 318.


LaTeX Warning: Citation `christodoulopoulos_2010' undefined on input line 318.


LaTeX Warning: Citation `dulizia_2011' undefined on input line 318.


LaTeX Warning: Citation `siklossy_1968' undefined on input line 318.


LaTeX Warning: Citation `kwiatkowski_2012' undefined on input line 318.

[5]

LaTeX Warning: Citation `harris_1954' undefined on input line 320.


LaTeX Warning: Citation `elman_1990' undefined on input line 320.


LaTeX Warning: Citation `christiansen_2005' undefined on input line 320.


LaTeX Warning: Citation `olivier_1968' undefined on input line 320.


LaTeX Warning: Citation `goldwater_2007' undefined on input line 320.


LaTeX Warning: Citation `brent_1996' undefined on input line 320.


LaTeX Warning: Citation `johnson_2008' undefined on input line 320.


LaTeX Warning: Citation `botha_2013' undefined on input line 320.


LaTeX Warning: Citation `elsner_2012' undefined on input line 320.


LaTeX Warning: Citation `kohonen_1988' undefined on input line 322.


LaTeX Warning: Citation `pons_2013' undefined on input line 322.


LaTeX Warning: Citation `badino_2014' undefined on input line 322.


LaTeX Warning: Citation `siu_2013' undefined on input line 322.


LaTeX Warning: Citation `roy_2002' undefined on input line 322.


LaTeX Warning: Citation `boves_2007' undefined on input line 322.


LaTeX Warning: Citation `ten_bosch_2007' undefined on input line 322.


LaTeX Warning: Citation `park_2008' undefined on input line 322.


LaTeX Warning: Citation `muscariello_2009' undefined on input line 322.


LaTeX Warning: Citation `rasanen_2012' undefined on input line 322.


LaTeX Warning: Citation `rasanen2015' undefined on input line 322.


Underfull \vbox (badness 2884) has occurred while \output is active []



LaTeX Warning: No positions in optional float specifier.
               Default added (so using `tbp') on input line 341.


LaTeX Warning: Reference `tab:pastwork' on page 6 undefined on input line 367.

[6]

LaTeX Warning: Citation `fahad_14' undefined on input line 394.


LaTeX Warning: Citation `varadarajan_2008' undefined on input line 394.


LaTeX Warning: Citation `antetomaso_2017' undefined on input line 394.


LaTeX Warning: Citation `versteegh_2016' undefined on input line 399.


LaTeX Warning: Citation `dunbar2017' undefined on input line 399.


LaTeX Warning: Citation `bloom_2000' undefined on input line 402.


LaTeX Warning: Citation `landauer_1997' undefined on input line 405.


LaTeX Warning: Citation `mikolov_2013' undefined on input line 405.


LaTeX Warning: Citation `turney_2010' undefined on input line 405.


LaTeX Warning: Citation `baroni_2014' undefined on input line 405.


LaTeX Warning: Citation `bruni_2012' undefined on input line 405.


LaTeX Warning: Citation `kiela_2014' undefined on input line 405.


LaTeX Warning: Citation `silberer_2016' undefined on input line 405.


LaTeX Warning: Citation `fourtassi2014c' undefined on input line 405.


LaTeX Warning: Citation `fernald_2000' undefined on input line 409.


LaTeX Warning: Citation `kuhl_1997' undefined on input line 409.


LaTeX Warning: Citation `ludusan_2015' undefined on input line 409.


LaTeX Warning: Citation `martin_2015' undefined on input line 409.


LaTeX Warning: Citation `mcmurray_2013' undefined on input line 409.


LaTeX Warning: Citation `guevara_17' undefined on input line 409.


Underfull \vbox (badness 10000) has occurred while \output is active []

 [7]

LaTeX Warning: Citation `fowler_91' undefined on input line 432.


LaTeX Warning: Citation `goldin_05' undefined on input line 432.


LaTeX Warning: Citation `poizner_87' undefined on input line 433.


LaTeX Warning: Citation `vancleve_04' undefined on input line 434.


LaTeX Warning: Citation `best_88' undefined on input line 435.


LaTeX Warning: Citation `silverman_95' undefined on input line 435.


LaTeX Warning: Citation `podesva_2007' undefined on input line 435.


LaTeX Warning: Citation `warren_1970' undefined on input line 437.


LaTeX Warning: Citation `jansen_2013b' undefined on input line 449.


LaTeX Warning: Citation `ludusan_14' undefined on input line 449.


LaTeX Warning: Citation `shukla_2011' undefined on input line 451.


LaTeX Warning: Citation `gold_1967' undefined on input line 458.


LaTeX Warning: Citation `angluin_88' undefined on input line 458.

[8]

LaTeX Warning: Citation `csibra_2009' undefined on input line 461.


LaTeX Warning: Citation `seidl_2015' undefined on input line 461.


LaTeX Warning: Citation `sachs_1983' undefined on input line 461.


LaTeX Warning: Citation `trueswell_2016' undefined on input line 461.


LaTeX Warning: Citation `jager_12' undefined on input line 477.


LaTeX Warning: Reference `section:feasibility' on page 9 undefined on input lin
e 483.


LaTeX Warning: Reference `section:interactive' on page 9 undefined on input lin
e 483.


LaTeX Warning: Citation `macwhinney_78' undefined on input line 505.


LaTeX Warning: Citation `yang_02' undefined on input line 505.


LaTeX Warning: Citation `frank_10' undefined on input line 505.


LaTeX Warning: Citation `johnson_04' undefined on input line 505.

[9]

LaTeX Warning: Citation `kuhl_2000' undefined on input line 514.


LaTeX Warning: Citation `evans_2009' undefined on input line 514.


LaTeX Warning: Reference `section:bioplaus' on page 10 undefined on input line 
521.


LaTeX Warning: Citation `gregory_2004' undefined on input line 532.


LaTeX Warning: Citation `turing_1950' undefined on input line 532.


LaTeX Warning: Citation `weizenbaum1966eliza' undefined on input line 539.


LaTeX Warning: Reference `section:task' on page 10 undefined on input line 539.



LaTeX Warning: Citation `hoff_2012' undefined on input line 549.

[10]

LaTeX Warning: Citation `hinton_2012' undefined on input line 565.


LaTeX Warning: Citation `xiong_2016' undefined on input line 565.


LaTeX Warning: Citation `saon_2017' undefined on input line 565.


LaTeX Warning: Citation `hannun_2014' undefined on input line 575.


LaTeX Warning: Reference `fig:deepspeech2' on page 11 undefined on input line 5
79.


LaTeX Warning: Citation `goodfellow_2016' undefined on input line 581.


LaTeX Warning: Citation `elman_1988' undefined on input line 581.

<deepspeech2.png, id=45, 346.896pt x 371.9496pt>
File: deepspeech2.png Graphic file (type png)
<use deepspeech2.png>
Package pdftex.def Info: deepspeech2.png  used on input line 585.
(pdftex.def)             Requested size: 132.68463pt x 142.26378pt.

LaTeX Warning: Citation `krizhevsky2012' undefined on input line 591.


LaTeX Warning: Citation `wu_2016' undefined on input line 591.


LaTeX Warning: Citation `johnson_2016' undefined on input line 591.


LaTeX Warning: Citation `oord_2016' undefined on input line 591.


LaTeX Warning: Citation `hassabis_2017' undefined on input line 594.


LaTeX Warning: Citation `cadieu_deep_2014' undefined on input line 594.


LaTeX Warning: Citation `yamins_2014' undefined on input line 594.


LaTeX Warning: Citation `nguyen2014' undefined on input line 594.


LaTeX Warning: Citation `lake_2016' undefined on input line 594.


LaTeX Warning: Citation `kheradpisheh_2016' undefined on input line 594.


LaTeX Warning: Citation `cichy_2016' undefined on input line 594.


LaTeX Warning: Citation `linzen_2016a' undefined on input line 594.


LaTeX Warning: Citation `tsividis_2017' undefined on input line 594.


LaTeX Warning: Citation `lau_2017' undefined on input line 594.

[11 <./deepspeech2.png>]

LaTeX Warning: Citation `saffran_2003' undefined on input line 600.


LaTeX Warning: Citation `meltzoff_2009' undefined on input line 600.


LaTeX Warning: Reference `section:estimate' on page 12 undefined on input line 
610.


LaTeX Warning: Reference `fig:relaf1' on page 12 undefined on input line 647.

[12]

LaTeX Warning: Reference `section:interactive' on page 13 undefined on input li
ne 649.

<newfig1.png, id=53, 730.4088pt x 323.2878pt>
File: newfig1.png Graphic file (type png)
<use newfig1.png>
Package pdftex.def Info: newfig1.png  used on input line 655.
(pdftex.def)             Requested size: 237.84814pt x 105.2751pt.

LaTeX Warning: Citation `gibson_1994' undefined on input line 682.


LaTeX Warning: Citation `sakas_2012' undefined on input line 682.


LaTeX Warning: Citation `pearl_probabilistic_1997' undefined on input line 682.



LaTeX Warning: Citation `koller_2009' undefined on input line 682.


LaTeX Warning: Citation `gershman_2015' undefined on input line 682.


LaTeX Warning: Citation `lee_2012' undefined on input line 685.


LaTeX Warning: Citation `liang_2011' undefined on input line 686.


LaTeX Warning: Citation `abend_2017' undefined on input line 686.


LaTeX Warning: Citation `ondel_2016' undefined on input line 688.

[13 <./newfig1.png>]

LaTeX Warning: Citation `feldman_2011' undefined on input line 694.


LaTeX Warning: Citation `frank_2009' undefined on input line 694.


LaTeX Warning: Citation `swingley_2009' undefined on input line 697.


LaTeX Warning: Citation `thiessen_2007' undefined on input line 697.


LaTeX Warning: Citation `martin_2012' undefined on input line 697.


LaTeX Warning: Reference `fig:monsterbeta' on page 14 undefined on input line 6
97.


LaTeX Warning: Citation `thiolliere_2015' undefined on input line 697.


LaTeX Warning: Citation `harwath_2016' undefined on input line 698.


LaTeX Warning: Citation `harwath_2017' undefined on input line 698.

<lee_glass.png, id=59, 200.4288pt x 191.2746pt>
File: lee_glass.png Graphic file (type png)
<use lee_glass.png>
Package pdftex.def Info: lee_glass.png  used on input line 705.
(pdftex.def)             Requested size: 149.07649pt x 142.26378pt.
<monsterbeta.png, id=60, 268.8444pt x 379.1766pt>
File: monsterbeta.png Graphic file (type png)
<use monsterbeta.png>
Package pdftex.def Info: monsterbeta.png  used on input line 712.
(pdftex.def)             Requested size: 161.38992pt x 227.62204pt.

LaTeX Warning: Citation `versteegh_2015' undefined on input line 722.


LaTeX Warning: Citation `macwhinney2000childes' undefined on input line 729.


LaTeX Warning: Citation `roy_2009' undefined on input line 730.

[14 <./lee_glass.png> <./monsterbeta.png>]

LaTeX Warning: Citation `xu_08' undefined on input line 739.


LaTeX Warning: Citation `sangwan_2015' undefined on input line 739.


LaTeX Warning: Citation `casillas_2016' undefined on input line 739.


LaTeX Warning: Citation `smith_2015' undefined on input line 739.


LaTeX Warning: Citation `roy_2015' undefined on input line 743.


LaTeX Warning: Reference `section:deep' on page 15 undefined on input line 743.



LaTeX Warning: Citation `girshick_2016' undefined on input line 743.


LaTeX Warning: Citation `rahmani_2016' undefined on input line 743.


LaTeX Warning: Citation `kahou_2015' undefined on input line 743.


LaTeX Warning: Citation `mazuka_2006' undefined on input line 748.


LaTeX Warning: Citation `vandam_2016' undefined on input line 750.

LaTeX Font Info:    Trying to load font information for T1+txtt on input line 7
50.
(/usr/local/texlive/2021/texmf-dist/tex/latex/txfonts/t1txtt.fd
File: t1txtt.fd 2000/12/15 v3.1
)

LaTeX Warning: Citation `gilmore_2017' undefined on input line 750.


Underfull \vbox (badness 1215) has occurred while \output is active []



LaTeX Warning: No positions in optional float specifier.
               Default added (so using `tbp') on input line 760.


LaTeX Warning: Citation `allen_1999' undefined on input line 775.


LaTeX Warning: Citation `hayes_2008' undefined on input line 775.


LaTeX Warning: Citation `clark_2013' undefined on input line 775.


LaTeX Warning: Citation `eimas_1971' undefined on input line 777.


LaTeX Warning: Citation `bertoncini_1987' undefined on input line 777.


LaTeX Warning: Citation `dehaene_1994' undefined on input line 777.


LaTeX Warning: Citation `carlin_2011' undefined on input line 777.


LaTeX Warning: Citation `schatz_2013' undefined on input line 777.


LaTeX Warning: Citation `jusczyk_1999' undefined on input line 784.


LaTeX Warning: Citation `fiscus_2007' undefined on input line 784.


LaTeX Warning: Citation `golinkoff_1987' undefined on input line 790.


LaTeX Warning: Citation `thomas_1981' undefined on input line 790.


LaTeX Warning: Citation `devlin_2015' undefined on input line 790.


LaTeX Warning: Citation `levesque_2011' undefined on input line 790.


LaTeX Warning: Citation `abrams_1978' undefined on input line 792.


LaTeX Warning: Citation `lidz_2002' undefined on input line 792.


LaTeX Warning: Citation `antol_2015' undefined on input line 792.


LaTeX Warning: Citation `katsos_2011' undefined on input line 794.


LaTeX Warning: Citation `foppolo_2012' undefined on input line 794.


Overfull \hbox (53.01276pt too wide) in paragraph at lines 767--800
 [][] 
 []


LaTeX Warning: Citation `devilier_72' undefined on input line 802.


LaTeX Warning: Citation `gleitman_72' undefined on input line 802.


LaTeX Warning: Reference `tab:task' on page 15 undefined on input line 809.


LaTeX Warning: Citation `sprouse_2013' undefined on input line 809.


LaTeX Warning: Reference `tab:task' on page 15 undefined on input line 812.


LaTeX Warning: Citation `pearl_2016' undefined on input line 812.


LaTeX Warning: Citation `dupoux_2016' undefined on input line 812.

[15]

LaTeX Warning: Reference `tab:task' on page 16 undefined on input line 825.


LaTeX Warning: Citation `tsuji2014community' undefined on input line 827.


LaTeX Warning: Citation `frank_2017' undefined on input line 827.


LaTeX Warning: Citation `peters_1983' undefined on input line 831.


LaTeX Warning: Citation `ngon_2013' undefined on input line 833.


Underfull \vbox (badness 10000) has occurred while \output is active []



LaTeX Warning: Citation `larsen_2017' undefined on input line 833.

[16]

LaTeX Warning: No positions in optional float specifier.
               Default added (so using `tbp') on input line 912.


LaTeX Warning: Citation `van_de_weijer_02' undefined on input line 927.


LaTeX Warning: No positions in optional float specifier.
               Default added (so using `tbp') on input line 937.


LaTeX Warning: Reference `tab:inputstudies' on page 17 undefined on input line 
942.


LaTeX Warning: Reference `tab:input' on page 17 undefined on input line 975.


LaTeX Warning: Citation `van_de_weijer_02' undefined on input line 975.


LaTeX Warning: Reference `tab:inputstudies' on page 17 undefined on input line 
979.

[17]

LaTeX Warning: Citation `kunkel_2014' undefined on input line 986.


LaTeX Warning: Reference `section:task' on page 18 undefined on input line 993.



Overfull \hbox (1.25635pt too wide) in paragraph at lines 993--993
[][]\T1/txtt/m/n/9 http://babieslearninglanguage.blogspot.com/2014/
 []

[18]

LaTeX Warning: Reference `section:feasibility' on page 19 undefined on input li
ne 1000.


LaTeX Warning: Reference `fig:relaf1' on page 19 undefined on input line 1000.


LaTeX Warning: Citation `bruner_ontogenesis_1975' undefined on input line 1000.



LaTeX Warning: Citation `bruner_childs_1983' undefined on input line 1000.


LaTeX Warning: Citation `snow_mothers_1972' undefined on input line 1000.


LaTeX Warning: Citation `tamis2008parents' undefined on input line 1000.


LaTeX Warning: Reference `fig:relaf2' on page 19 undefined on input line 1002.

<new_interact.png, id=79, 383.5128pt x 294.3798pt>
File: new_interact.png Graphic file (type png)
<use new_interact.png>
Package pdftex.def Info: new_interact.png  used on input line 1006.
(pdftex.def)             Requested size: 166.8033pt x 128.0374pt.

LaTeX Warning: Citation `johnson:2010' undefined on input line 1017.


LaTeX Warning: Citation `guenther_2012' undefined on input line 1017.


LaTeX Warning: Citation `sutton_1998' undefined on input line 1017.


LaTeX Warning: Citation `oudeyer_2007' undefined on input line 1017.


LaTeX Warning: Citation `smith_2008' undefined on input line 1021.


LaTeX Warning: Citation `goldstein_2008' undefined on input line 1021.


LaTeX Warning: Citation `bornstein_2010' undefined on input line 1021.

[19 <./new_interact.png>] (./quantpaper4.1_arXiv.bbl [20] [21] [22]
Underfull \vbox (badness 3229) has occurred while \output is active []

 [23]
Underfull \vbox (badness 3229) has occurred while \output is active []

 [24]
[25]

! Package inputenc Error: Unicode character ☆ (U+2606)
(inputenc)                not set up for use with LaTeX.

See the inputenc package documentation for explanation.
Type  H <return>  for immediate help.
 ...                                              
                                                  
l.5979   children's use of phonemic contrasts☆}
                                                 .{\BBCQ}
? 
)
- LAST -
Extra skip:1.84052pt
Left:549.0pt/1.9485pt
Right:549.0pt/0.10799pt
Output:549.5pt
 [26] (./quantpaper4.1_arXiv.aux)

LaTeX Warning: There were undefined references.


LaTeX Warning: Label(s) may have changed. Rerun to get cross-references right.

 ) 
Here is how much of TeX's memory you used:
 7389 strings out of 478542
 108561 string characters out of 5850388
 436287 words of memory out of 5000000
 25197 multiletter control sequences out of 15000+600000
 475794 words of font info for 165 fonts, out of 8000000 for 9000
 1141 hyphenation exceptions out of 8191
 72i,13n,80p,2276b,388s stack positions out of 5000i,500n,10000p,200000b,80000s
{/usr/local/texlive/2021/texmf-dist/fonts/enc/dvips/base/8r.enc}</usr/local/t
exlive/2021/texmf-dist/fonts/type1/public/txfonts/rtcxr.pfb></usr/local/texlive
/2021/texmf-dist/fonts/type1/public/txfonts/rtxb.pfb></usr/local/texlive/2021/t
exmf-dist/fonts/type1/public/txfonts/rtxi.pfb></usr/local/texlive/2021/texmf-di
st/fonts/type1/public/txfonts/rtxr.pfb></usr/local/texlive/2021/texmf-dist/font
s/type1/public/txfonts/t1xtt.pfb></usr/local/texlive/2021/texmf-dist/fonts/type
1/public/txfonts/txsy.pfb></usr/local/texlive/2021/texmf-dist/fonts/type1/urw/t
imes/utmb8a.pfb></usr/local/texlive/2021/texmf-dist/fonts/type1/urw/times/utmr8
a.pfb></usr/local/texlive/2021/texmf-dist/fonts/type1/urw/times/utmri8a.pfb>
Output written on quantpaper4.1_arXiv.pdf (26 pages, 712804 bytes).
PDF statistics:
 147 PDF objects out of 1000 (max. 8388607)
 88 compressed objects within 1 object stream
 0 named destinations out of 1000 (max. 500000)
 31 words of extra memory for PDF output out of 10000 (max. 10000000)

